mode: set
CleanArch/internal/User/UserDelivery/User.go:33.53,35.2 1 0
CleanArch/internal/User/UserDelivery/User.go:37.68,38.33 1 0
CleanArch/internal/User/UserDelivery/User.go:41.2,41.35 1 0
CleanArch/internal/User/UserDelivery/User.go:38.33,40.3 1 0
CleanArch/internal/User/UserDelivery/User.go:41.35,43.3 1 0
CleanArch/internal/User/UserDelivery/User.go:46.67,47.33 1 0
CleanArch/internal/User/UserDelivery/User.go:50.2,58.16 9 0
CleanArch/internal/User/UserDelivery/User.go:70.2,70.19 1 0
CleanArch/internal/User/UserDelivery/User.go:47.33,49.3 1 0
CleanArch/internal/User/UserDelivery/User.go:58.16,66.3 4 0
CleanArch/internal/User/UserDelivery/User.go:66.8,68.3 1 0
CleanArch/internal/User/UserDelivery/User.go:73.67,74.33 1 0
CleanArch/internal/User/UserDelivery/User.go:78.2,84.16 6 0
CleanArch/internal/User/UserDelivery/User.go:95.2,95.19 1 0
CleanArch/internal/User/UserDelivery/User.go:74.33,77.3 2 0
CleanArch/internal/User/UserDelivery/User.go:84.16,92.3 4 0
CleanArch/internal/User/UserDelivery/User.go:92.8,94.3 1 0
CleanArch/internal/User/UserDelivery/User.go:98.94,100.29 2 0
CleanArch/internal/User/UserDelivery/User.go:103.2,104.15 2 0
CleanArch/internal/User/UserDelivery/User.go:107.2,108.16 2 0
CleanArch/internal/User/UserDelivery/User.go:111.2,111.27 1 0
CleanArch/internal/User/UserDelivery/User.go:100.29,102.3 1 0
CleanArch/internal/User/UserDelivery/User.go:104.15,106.3 1 0
CleanArch/internal/User/UserDelivery/User.go:108.16,110.3 1 0
CleanArch/internal/User/UserDelivery/User.go:114.68,115.33 1 0
CleanArch/internal/User/UserDelivery/User.go:119.2,120.16 2 0
CleanArch/internal/User/UserDelivery/User.go:124.2,124.32 1 0
CleanArch/internal/User/UserDelivery/User.go:136.2,136.41 1 0
CleanArch/internal/User/UserDelivery/User.go:115.33,118.3 2 0
CleanArch/internal/User/UserDelivery/User.go:120.16,123.3 2 0
CleanArch/internal/User/UserDelivery/User.go:124.32,127.3 2 0
CleanArch/internal/User/UserDelivery/User.go:127.8,127.39 1 0
CleanArch/internal/User/UserDelivery/User.go:127.39,135.3 7 0
CleanArch/internal/User/UserDelivery/User.go:139.67,140.35 1 0
CleanArch/internal/User/UserDelivery/User.go:159.2,159.41 1 0
CleanArch/internal/User/UserDelivery/User.go:140.35,143.3 2 0
CleanArch/internal/User/UserDelivery/User.go:143.8,145.17 2 0
CleanArch/internal/User/UserDelivery/User.go:150.3,151.15 2 0
CleanArch/internal/User/UserDelivery/User.go:155.3,156.9 2 0
CleanArch/internal/User/UserDelivery/User.go:145.17,148.4 2 0
CleanArch/internal/User/UserDelivery/User.go:151.15,154.4 2 0
CleanArch/internal/User/UserDelivery/User.go:162.68,164.17 2 0
CleanArch/internal/User/UserDelivery/User.go:167.2,170.16 4 0
CleanArch/internal/User/UserDelivery/User.go:173.2,174.18 2 0
CleanArch/internal/User/UserDelivery/User.go:164.17,166.3 1 0
CleanArch/internal/User/UserDelivery/User.go:170.16,172.3 1 0
CleanArch/internal/User/UserDelivery/User.go:177.70,178.36 1 0
CleanArch/internal/User/UserDelivery/User.go:182.2,182.32 1 0
CleanArch/internal/User/UserDelivery/User.go:178.36,181.3 2 0
CleanArch/internal/User/UserDelivery/User.go:182.32,184.17 2 0
CleanArch/internal/User/UserDelivery/User.go:188.3,188.24 1 0
CleanArch/internal/User/UserDelivery/User.go:192.3,193.17 2 0
CleanArch/internal/User/UserDelivery/User.go:197.3,198.17 2 0
CleanArch/internal/User/UserDelivery/User.go:203.3,204.55 2 0
CleanArch/internal/User/UserDelivery/User.go:208.3,210.52 3 0
CleanArch/internal/User/UserDelivery/User.go:214.3,214.9 1 0
CleanArch/internal/User/UserDelivery/User.go:184.17,187.4 2 0
CleanArch/internal/User/UserDelivery/User.go:188.24,190.4 1 0
CleanArch/internal/User/UserDelivery/User.go:193.17,196.4 2 0
CleanArch/internal/User/UserDelivery/User.go:198.17,201.4 2 0
CleanArch/internal/User/UserDelivery/User.go:204.55,206.4 1 0
CleanArch/internal/User/UserDelivery/User.go:210.52,213.4 2 0
CleanArch/test/mock_LetterUseCase/LetterUseCaseMock.go:25.71,29.2 3 1
CleanArch/test/mock_LetterUseCase/LetterUseCaseMock.go:32.69,34.2 1 1
CleanArch/test/mock_LetterUseCase/LetterUseCaseMock.go:37.74,42.2 4 0
CleanArch/test/mock_LetterUseCase/LetterUseCaseMock.go:45.86,48.2 2 1
CleanArch/test/mock_LetterUseCase/LetterUseCaseMock.go:51.92,57.2 5 0
CleanArch/test/mock_LetterUseCase/LetterUseCaseMock.go:60.93,63.2 2 1
CleanArch/test/mock_LetterUseCase/LetterUseCaseMock.go:66.90,72.2 5 0
CleanArch/test/mock_LetterUseCase/LetterUseCaseMock.go:75.91,78.2 2 1
CleanArch/internal/Letter/LetterDelivery/LetterErrorHandler.go:11.67,13.15 2 1
CleanArch/internal/Letter/LetterDelivery/LetterErrorHandler.go:18.2,18.13 1 1
CleanArch/internal/Letter/LetterDelivery/LetterErrorHandler.go:28.2,28.17 1 1
CleanArch/internal/Letter/LetterDelivery/LetterErrorHandler.go:13.15,17.3 1 1
CleanArch/internal/Letter/LetterDelivery/LetterErrorHandler.go:19.11,20.40 1 1
CleanArch/internal/Letter/LetterDelivery/LetterErrorHandler.go:21.41,22.43 1 1
CleanArch/internal/Letter/LetterDelivery/LetterErrorHandler.go:23.32,24.43 1 1
CleanArch/internal/Letter/LetterDelivery/LetterErrorHandler.go:25.40,26.42 1 1
CleanArch/internal/Letter/LetterDelivery/LetterErrorHandler.go:31.70,33.15 2 1
CleanArch/internal/Letter/LetterDelivery/LetterErrorHandler.go:38.2,38.13 1 1
CleanArch/internal/Letter/LetterDelivery/LetterErrorHandler.go:48.2,48.17 1 1
CleanArch/internal/Letter/LetterDelivery/LetterErrorHandler.go:33.15,37.3 1 1
CleanArch/internal/Letter/LetterDelivery/LetterErrorHandler.go:39.11,40.47 1 1
CleanArch/internal/Letter/LetterDelivery/LetterErrorHandler.go:41.44,42.47 1 1
CleanArch/internal/Letter/LetterDelivery/LetterErrorHandler.go:43.32,44.43 1 1
CleanArch/internal/Letter/LetterDelivery/LetterErrorHandler.go:45.36,46.43 1 1
CleanArch/internal/Postgres/Init.go:17.89,34.2 7 0
CleanArch/internal/Postgres/Init.go:36.36,43.31 2 0
CleanArch/internal/Postgres/Init.go:51.2,51.12 1 0
CleanArch/internal/Postgres/Init.go:43.31,47.17 2 0
CleanArch/internal/Postgres/Init.go:47.17,49.4 1 0
CleanArch/internal/User/UserDelivery/UserErrorHandler.go:11.57,13.15 2 1
CleanArch/internal/User/UserDelivery/UserErrorHandler.go:18.2,18.13 1 1
CleanArch/internal/User/UserDelivery/UserErrorHandler.go:28.2,28.17 1 1
CleanArch/internal/User/UserDelivery/UserErrorHandler.go:13.15,17.3 1 1
CleanArch/internal/User/UserDelivery/UserErrorHandler.go:19.11,20.42 1 1
CleanArch/internal/User/UserDelivery/UserErrorHandler.go:21.41,22.43 1 1
CleanArch/internal/User/UserDelivery/UserErrorHandler.go:23.37,24.40 1 1
CleanArch/internal/User/UserDelivery/UserErrorHandler.go:25.34,26.34 1 1
CleanArch/internal/User/UserDelivery/UserErrorHandler.go:31.57,33.15 2 1
CleanArch/internal/User/UserDelivery/UserErrorHandler.go:38.2,38.13 1 1
CleanArch/internal/User/UserDelivery/UserErrorHandler.go:52.2,52.17 1 1
CleanArch/internal/User/UserDelivery/UserErrorHandler.go:33.15,37.3 1 1
CleanArch/internal/User/UserDelivery/UserErrorHandler.go:39.11,40.42 1 1
CleanArch/internal/User/UserDelivery/UserErrorHandler.go:41.37,42.40 1 1
CleanArch/internal/User/UserDelivery/UserErrorHandler.go:43.41,44.39 1 1
CleanArch/internal/User/UserDelivery/UserErrorHandler.go:45.38,46.39 1 1
CleanArch/internal/User/UserDelivery/UserErrorHandler.go:47.38,48.43 1 1
CleanArch/internal/User/UserDelivery/UserErrorHandler.go:49.41,50.39 1 1
CleanArch/internal/User/UserDelivery/UserErrorHandler.go:55.38,57.15 2 1
CleanArch/internal/User/UserDelivery/UserErrorHandler.go:62.2,62.14 1 1
CleanArch/internal/User/UserDelivery/UserErrorHandler.go:68.2,68.17 1 1
CleanArch/internal/User/UserDelivery/UserErrorHandler.go:57.15,61.3 1 1
CleanArch/internal/User/UserDelivery/UserErrorHandler.go:63.11,64.40 1 1
CleanArch/internal/User/UserDelivery/UserErrorHandler.go:65.11,66.44 1 1
CleanArch/internal/User/UserDelivery/UserErrorHandler.go:71.36,73.15 2 1
CleanArch/internal/User/UserDelivery/UserErrorHandler.go:78.2,78.13 1 1
CleanArch/internal/User/UserDelivery/UserErrorHandler.go:86.2,86.17 1 1
CleanArch/internal/User/UserDelivery/UserErrorHandler.go:73.15,77.3 1 1
CleanArch/internal/User/UserDelivery/UserErrorHandler.go:79.11,80.32 1 1
CleanArch/internal/User/UserDelivery/UserErrorHandler.go:81.37,82.40 1 1
CleanArch/internal/User/UserDelivery/UserErrorHandler.go:83.41,84.40 1 1
CleanArch/internal/User/UserDelivery/UserErrorHandler.go:89.58,91.15 2 1
CleanArch/internal/User/UserDelivery/UserErrorHandler.go:96.2,96.13 1 1
CleanArch/internal/User/UserDelivery/UserErrorHandler.go:104.2,104.17 1 1
CleanArch/internal/User/UserDelivery/UserErrorHandler.go:91.15,95.3 1 1
CleanArch/internal/User/UserDelivery/UserErrorHandler.go:97.11,98.42 1 1
CleanArch/internal/User/UserDelivery/UserErrorHandler.go:99.37,100.40 1 1
CleanArch/internal/User/UserDelivery/UserErrorHandler.go:101.42,102.42 1 1
CleanArch/internal/Letter/LetterUseCase/Letter.go:19.54,21.2 1 1
CleanArch/internal/Letter/LetterUseCase/Letter.go:23.64,26.16 3 1
CleanArch/internal/Letter/LetterUseCase/Letter.go:29.2,30.16 2 1
CleanArch/internal/Letter/LetterUseCase/Letter.go:33.2,33.12 1 1
CleanArch/internal/Letter/LetterUseCase/Letter.go:26.16,28.3 1 0
CleanArch/internal/Letter/LetterUseCase/Letter.go:30.16,32.3 1 0
CleanArch/internal/Letter/LetterUseCase/Letter.go:36.82,38.16 2 1
CleanArch/internal/Letter/LetterUseCase/Letter.go:41.2,41.21 1 1
CleanArch/internal/Letter/LetterUseCase/Letter.go:38.16,40.3 1 0
CleanArch/internal/Letter/LetterUseCase/Letter.go:44.80,46.16 2 1
CleanArch/internal/Letter/LetterUseCase/Letter.go:49.2,49.21 1 1
CleanArch/internal/Letter/LetterUseCase/Letter.go:46.16,48.3 1 0
CleanArch/internal/errors/MiddlewareError.go:5.41,12.2 3 1
CleanArch/internal/pkg/context/userContext.go:18.66,21.9 3 1
CleanArch/internal/pkg/context/userContext.go:24.2,24.18 1 0
CleanArch/internal/pkg/context/userContext.go:21.9,23.3 1 1
CleanArch/internal/pkg/context/userContext.go:27.82,29.2 1 0
CleanArch/internal/pkg/context/userContext.go:31.27,33.33 2 1
CleanArch/internal/pkg/context/userContext.go:37.2,37.14 1 1
CleanArch/internal/pkg/context/userContext.go:33.33,36.3 2 1
CleanArch/internal/pkg/context/userContext.go:40.66,42.2 1 0
CleanArch/internal/pkg/middleware/Middleware.go:20.58,21.71 1 0
CleanArch/internal/pkg/middleware/Middleware.go:21.71,31.3 2 0
CleanArch/internal/pkg/middleware/Middleware.go:34.54,35.71 1 0
CleanArch/internal/pkg/middleware/Middleware.go:35.71,36.16 1 0
CleanArch/internal/pkg/middleware/Middleware.go:44.3,44.23 1 0
CleanArch/internal/pkg/middleware/Middleware.go:36.16,37.36 1 0
CleanArch/internal/pkg/middleware/Middleware.go:37.36,42.5 2 0
CleanArch/internal/pkg/middleware/Middleware.go:57.62,58.71 1 0
CleanArch/internal/pkg/middleware/Middleware.go:58.71,60.17 2 0
CleanArch/internal/pkg/middleware/Middleware.go:64.3,65.47 2 0
CleanArch/internal/pkg/middleware/Middleware.go:74.3,74.18 1 0
CleanArch/internal/pkg/middleware/Middleware.go:82.3,83.16 2 0
CleanArch/internal/pkg/middleware/Middleware.go:87.3,88.15 2 0
CleanArch/internal/pkg/middleware/Middleware.go:92.3,95.23 4 0
CleanArch/internal/pkg/middleware/Middleware.go:60.17,63.4 2 0
CleanArch/internal/pkg/middleware/Middleware.go:65.47,73.4 3 0
CleanArch/internal/pkg/middleware/Middleware.go:74.18,80.4 3 0
CleanArch/internal/pkg/middleware/Middleware.go:83.16,86.4 2 0
CleanArch/internal/pkg/middleware/Middleware.go:88.15,91.4 2 0
CleanArch/cmd/main.go:18.13,21.16 3 0
CleanArch/cmd/main.go:25.2,60.26 22 0
CleanArch/cmd/main.go:21.16,24.3 2 0
CleanArch/internal/errors/LetterErrors.go:14.36,21.2 3 1
CleanArch/internal/errors/LetterErrors.go:23.37,30.2 3 1
CleanArch/internal/errors/LetterErrors.go:32.41,39.2 3 1
CleanArch/internal/errors/LetterErrors.go:41.62,48.2 3 1
CleanArch/internal/errors/LetterErrors.go:50.54,57.2 3 1
CleanArch/internal/Letter/LetterRepository/LetterPostgres/Letter.go:16.47,18.2 1 0
CleanArch/internal/Letter/LetterRepository/LetterPostgres/Letter.go:20.66,22.16 2 0
CleanArch/internal/Letter/LetterRepository/LetterPostgres/Letter.go:25.2,25.12 1 0
CleanArch/internal/Letter/LetterRepository/LetterPostgres/Letter.go:22.16,24.3 1 0
CleanArch/internal/Letter/LetterRepository/LetterPostgres/Letter.go:28.56,31.17 3 0
CleanArch/internal/Letter/LetterRepository/LetterPostgres/Letter.go:34.2,34.12 1 0
CleanArch/internal/Letter/LetterRepository/LetterPostgres/Letter.go:31.17,33.3 1 0
CleanArch/internal/Letter/LetterRepository/LetterPostgres/Letter.go:37.87,40.18 3 0
CleanArch/internal/Letter/LetterRepository/LetterPostgres/Letter.go:43.2,43.21 1 0
CleanArch/internal/Letter/LetterRepository/LetterPostgres/Letter.go:40.18,42.3 1 0
CleanArch/internal/Letter/LetterRepository/LetterPostgres/Letter.go:46.45,47.6 1 0
CleanArch/internal/Letter/LetterRepository/LetterPostgres/Letter.go:47.6,51.19 4 0
CleanArch/internal/Letter/LetterRepository/LetterPostgres/Letter.go:51.19,53.4 1 0
CleanArch/internal/Letter/LetterRepository/LetterPostgres/Letter.go:57.85,60.18 3 0
CleanArch/internal/Letter/LetterRepository/LetterPostgres/Letter.go:63.2,63.21 1 0
CleanArch/internal/Letter/LetterRepository/LetterPostgres/Letter.go:60.18,62.3 1 0
CleanArch/internal/User/UserRepository/UserPostgres/User.go:18.43,20.2 1 0
CleanArch/internal/User/UserRepository/UserPostgres/User.go:22.58,25.25 3 0
CleanArch/internal/User/UserRepository/UserPostgres/User.go:28.2,28.12 1 0
CleanArch/internal/User/UserRepository/UserPostgres/User.go:25.25,27.3 1 0
CleanArch/internal/User/UserRepository/UserPostgres/User.go:31.60,34.16 3 0
CleanArch/internal/User/UserRepository/UserPostgres/User.go:37.2,37.12 1 0
CleanArch/internal/User/UserRepository/UserPostgres/User.go:34.16,36.3 1 0
CleanArch/internal/User/UserRepository/UserPostgres/User.go:40.87,43.16 3 0
CleanArch/internal/User/UserRepository/UserPostgres/User.go:46.2,46.12 1 0
CleanArch/internal/User/UserRepository/UserPostgres/User.go:43.16,45.3 1 0
CleanArch/internal/User/UserRepository/UserPostgres/User.go:49.54,51.6 2 0
CleanArch/internal/User/UserRepository/UserPostgres/User.go:64.2,64.25 1 0
CleanArch/internal/User/UserRepository/UserPostgres/User.go:51.6,52.39 1 0
CleanArch/internal/User/UserRepository/UserPostgres/User.go:56.3,59.19 4 0
CleanArch/internal/User/UserRepository/UserPostgres/User.go:62.3,62.11 1 0
CleanArch/internal/User/UserRepository/UserPostgres/User.go:52.39,55.4 2 0
CleanArch/internal/User/UserRepository/UserPostgres/User.go:59.19,60.9 1 0
CleanArch/internal/User/UserRepository/UserPostgres/User.go:67.54,68.6 1 0
CleanArch/internal/User/UserRepository/UserPostgres/User.go:68.6,72.19 4 0
CleanArch/internal/User/UserRepository/UserPostgres/User.go:72.19,74.4 1 0
CleanArch/internal/User/UserRepository/UserPostgres/User.go:78.78,81.16 3 0
CleanArch/internal/User/UserRepository/UserPostgres/User.go:84.2,84.18 1 0
CleanArch/internal/User/UserRepository/UserPostgres/User.go:81.16,83.3 1 0
CleanArch/internal/User/UserRepository/UserPostgres/User.go:87.74,90.16 3 0
CleanArch/internal/User/UserRepository/UserPostgres/User.go:93.2,93.18 1 0
CleanArch/internal/User/UserRepository/UserPostgres/User.go:90.16,92.3 1 0
CleanArch/internal/User/UserRepository/UserPostgres/User.go:96.64,99.16 3 0
CleanArch/internal/User/UserRepository/UserPostgres/User.go:102.2,102.36 1 0
CleanArch/internal/User/UserRepository/UserPostgres/User.go:99.16,101.3 1 0
CleanArch/internal/User/UserRepository/UserPostgres/User.go:105.82,108.16 3 0
CleanArch/internal/User/UserRepository/UserPostgres/User.go:111.2,116.16 6 0
CleanArch/internal/User/UserRepository/UserPostgres/User.go:119.2,119.12 1 0
CleanArch/internal/User/UserRepository/UserPostgres/User.go:108.16,110.3 1 0
CleanArch/internal/User/UserRepository/UserPostgres/User.go:116.16,118.3 1 0
CleanArch/internal/User/UserRepository/UserPostgres/User.go:122.66,126.16 4 0
CleanArch/internal/User/UserRepository/UserPostgres/User.go:129.2,129.36 1 0
CleanArch/internal/User/UserRepository/UserPostgres/User.go:126.16,128.3 1 0
CleanArch/internal/User/UserRepository/UserPostgres/User.go:132.68,135.16 3 0
CleanArch/internal/User/UserRepository/UserPostgres/User.go:138.2,138.24 1 0
CleanArch/internal/User/UserRepository/UserPostgres/User.go:135.16,137.3 1 0
CleanArch/internal/User/UserRepository/UserPostgres/User.go:141.50,144.2 2 1
CleanArch/internal/pkg/middleware/MiddlewareErrorHandler.go:7.33,8.13 1 0
CleanArch/internal/pkg/middleware/MiddlewareErrorHandler.go:12.2,12.12 1 0
CleanArch/internal/pkg/middleware/MiddlewareErrorHandler.go:9.11,10.40 1 0
CleanArch/internal/errors/UserErrors.go:16.34,23.2 3 1
CleanArch/internal/errors/UserErrors.go:25.37,32.2 3 1
CleanArch/internal/errors/UserErrors.go:34.37,41.2 3 1
CleanArch/internal/errors/UserErrors.go:43.34,50.2 3 1
CleanArch/internal/errors/UserErrors.go:52.38,59.2 3 1
CleanArch/internal/errors/UserErrors.go:61.34,68.2 3 1
CleanArch/internal/errors/UserErrors.go:70.36,77.2 3 1
CleanArch/internal/errors/UserErrors.go:79.33,86.2 3 1
CleanArch/internal/errors/UserErrors.go:88.38,95.2 3 1
CleanArch/internal/errors/UserErrors.go:97.36,105.2 3 1
CleanArch/internal/errors/UserErrors.go:107.61,117.2 4 0
CleanArch/internal/errors/UserErrors.go:119.34,126.2 3 1
CleanArch/internal/errors/UserErrors.go:128.34,135.2 3 1
CleanArch/internal/errors/UserErrors.go:137.28,144.2 3 1
CleanArch/internal/errors/UserErrors.go:146.34,153.2 3 1
CleanArch/internal/errors/UserErrors.go:155.36,162.2 3 1
CleanArch/internal/Letter/LetterDelivery/Letter.go:23.57,25.2 1 1
CleanArch/internal/Letter/LetterDelivery/Letter.go:27.71,29.33 2 1
CleanArch/internal/Letter/LetterDelivery/Letter.go:33.2,35.15 3 1
CleanArch/internal/Letter/LetterDelivery/Letter.go:39.2,45.39 7 0
CleanArch/internal/Letter/LetterDelivery/Letter.go:29.33,32.3 2 1
CleanArch/internal/Letter/LetterDelivery/Letter.go:35.15,38.3 2 1
CleanArch/internal/Letter/LetterDelivery/Letter.go:48.75,50.15 2 1
CleanArch/internal/Letter/LetterDelivery/Letter.go:54.2,55.40 2 0
CleanArch/internal/Letter/LetterDelivery/Letter.go:50.15,53.3 2 1
CleanArch/internal/Letter/LetterDelivery/Letter.go:58.75,60.15 2 1
CleanArch/internal/Letter/LetterDelivery/Letter.go:64.2,65.40 2 0
CleanArch/internal/Letter/LetterDelivery/Letter.go:60.15,63.3 2 1
CleanArch/internal/User/UserUseCase/User.go:23.48,25.2 1 1
CleanArch/internal/User/UserUseCase/User.go:29.63,32.16 2 1
CleanArch/internal/User/UserUseCase/User.go:35.2,36.16 2 1
CleanArch/internal/User/UserUseCase/User.go:39.2,40.16 2 1
CleanArch/internal/User/UserUseCase/User.go:43.2,45.16 3 1
CleanArch/internal/User/UserUseCase/User.go:48.2,49.16 2 1
CleanArch/internal/User/UserUseCase/User.go:53.2,53.17 1 1
CleanArch/internal/User/UserUseCase/User.go:32.16,34.3 1 1
CleanArch/internal/User/UserUseCase/User.go:36.16,38.3 1 1
CleanArch/internal/User/UserUseCase/User.go:40.16,42.3 1 1
CleanArch/internal/User/UserUseCase/User.go:45.16,47.3 1 1
CleanArch/internal/User/UserUseCase/User.go:49.16,51.3 1 1
CleanArch/internal/User/UserUseCase/User.go:56.63,58.17 2 1
CleanArch/internal/User/UserUseCase/User.go:61.2,61.90 1 1
CleanArch/internal/User/UserUseCase/User.go:64.2,65.14 2 1
CleanArch/internal/User/UserUseCase/User.go:68.2,69.15 2 1
CleanArch/internal/User/UserUseCase/User.go:72.2,73.15 2 1
CleanArch/internal/User/UserUseCase/User.go:76.2,77.15 2 1
CleanArch/internal/User/UserUseCase/User.go:80.2,80.25 1 1
CleanArch/internal/User/UserUseCase/User.go:58.17,60.3 1 1
CleanArch/internal/User/UserUseCase/User.go:61.90,63.3 1 0
CleanArch/internal/User/UserUseCase/User.go:65.14,67.3 1 1
CleanArch/internal/User/UserUseCase/User.go:69.15,71.3 1 1
CleanArch/internal/User/UserUseCase/User.go:73.15,75.3 1 1
CleanArch/internal/User/UserUseCase/User.go:77.15,79.3 1 1
CleanArch/internal/User/UserUseCase/User.go:84.44,86.15 2 1
CleanArch/internal/User/UserUseCase/User.go:89.2,90.14 2 1
CleanArch/internal/User/UserUseCase/User.go:93.2,93.12 1 1
CleanArch/internal/User/UserUseCase/User.go:86.15,88.3 1 1
CleanArch/internal/User/UserUseCase/User.go:90.14,92.3 1 1
CleanArch/internal/User/UserUseCase/User.go:96.54,98.14 2 1
CleanArch/internal/User/UserUseCase/User.go:101.2,101.12 1 1
CleanArch/internal/User/UserUseCase/User.go:98.14,100.3 1 1
CleanArch/internal/User/UserUseCase/User.go:104.49,106.2 1 0
