mode: set
CleanArch/internal/Letter/LetterUseCase/Letter.go:18.64,21.16 3 1
CleanArch/internal/Letter/LetterUseCase/Letter.go:24.2,25.16 2 1
CleanArch/internal/Letter/LetterUseCase/Letter.go:28.2,28.12 1 1
CleanArch/internal/Letter/LetterUseCase/Letter.go:21.16,23.3 1 0
CleanArch/internal/Letter/LetterUseCase/Letter.go:25.16,27.3 1 0
CleanArch/internal/Letter/LetterUseCase/Letter.go:31.82,33.16 2 1
CleanArch/internal/Letter/LetterUseCase/Letter.go:36.2,36.21 1 1
CleanArch/internal/Letter/LetterUseCase/Letter.go:33.16,35.3 1 0
CleanArch/internal/Letter/LetterUseCase/Letter.go:39.80,41.16 2 1
CleanArch/internal/Letter/LetterUseCase/Letter.go:44.2,44.21 1 1
CleanArch/internal/Letter/LetterUseCase/Letter.go:41.16,43.3 1 0
CleanArch/internal/errors/LetterErrors.go:14.36,21.2 3 0
CleanArch/internal/errors/LetterErrors.go:23.37,30.2 3 0
CleanArch/internal/errors/LetterErrors.go:32.41,39.2 3 0
CleanArch/internal/errors/LetterErrors.go:41.62,48.2 3 0
CleanArch/internal/errors/LetterErrors.go:50.54,57.2 3 0
CleanArch/internal/errors/UserErrors.go:16.34,23.2 3 0
CleanArch/internal/errors/UserErrors.go:25.37,32.2 3 0
CleanArch/internal/errors/UserErrors.go:34.37,41.2 3 0
CleanArch/internal/errors/UserErrors.go:43.34,50.2 3 0
CleanArch/internal/errors/UserErrors.go:52.38,59.2 3 0
CleanArch/internal/errors/UserErrors.go:61.34,68.2 3 0
CleanArch/internal/errors/UserErrors.go:70.36,77.2 3 0
CleanArch/internal/errors/UserErrors.go:79.33,86.2 3 0
CleanArch/internal/errors/UserErrors.go:88.38,95.2 3 0
CleanArch/internal/errors/UserErrors.go:97.36,105.2 3 0
CleanArch/internal/errors/UserErrors.go:107.61,117.2 4 0
CleanArch/internal/errors/UserErrors.go:119.34,126.2 3 0
CleanArch/internal/errors/UserErrors.go:128.34,135.2 3 0
CleanArch/internal/errors/UserErrors.go:137.28,144.2 3 0
CleanArch/internal/errors/UserErrors.go:146.34,153.2 3 0
CleanArch/internal/errors/UserErrors.go:155.36,162.2 3 0
CleanArch/internal/User/UserDelivery/User.go:32.66,34.2 1 0
CleanArch/internal/User/UserDelivery/User.go:36.68,37.33 1 0
CleanArch/internal/User/UserDelivery/User.go:40.2,40.35 1 0
CleanArch/internal/User/UserDelivery/User.go:37.33,39.3 1 0
CleanArch/internal/User/UserDelivery/User.go:40.35,42.3 1 0
CleanArch/internal/User/UserDelivery/User.go:45.67,46.33 1 0
CleanArch/internal/User/UserDelivery/User.go:49.2,57.16 9 0
CleanArch/internal/User/UserDelivery/User.go:71.2,71.19 1 0
CleanArch/internal/User/UserDelivery/User.go:46.33,48.3 1 0
CleanArch/internal/User/UserDelivery/User.go:57.16,67.3 4 0
CleanArch/internal/User/UserDelivery/User.go:67.8,69.3 1 0
CleanArch/internal/User/UserDelivery/User.go:74.67,75.33 1 0
CleanArch/internal/User/UserDelivery/User.go:79.2,85.16 6 0
CleanArch/internal/User/UserDelivery/User.go:97.2,97.19 1 0
CleanArch/internal/User/UserDelivery/User.go:75.33,78.3 2 0
CleanArch/internal/User/UserDelivery/User.go:85.16,94.3 4 0
CleanArch/internal/User/UserDelivery/User.go:94.8,96.3 1 0
CleanArch/internal/User/UserDelivery/User.go:100.94,102.29 2 0
CleanArch/internal/User/UserDelivery/User.go:105.2,106.15 2 0
CleanArch/internal/User/UserDelivery/User.go:109.2,110.16 2 0
CleanArch/internal/User/UserDelivery/User.go:113.2,113.27 1 0
CleanArch/internal/User/UserDelivery/User.go:102.29,104.3 1 0
CleanArch/internal/User/UserDelivery/User.go:106.15,108.3 1 0
CleanArch/internal/User/UserDelivery/User.go:110.16,112.3 1 0
CleanArch/internal/User/UserDelivery/User.go:116.68,117.31 1 0
CleanArch/internal/User/UserDelivery/User.go:121.2,122.16 2 0
CleanArch/internal/User/UserDelivery/User.go:126.2,126.32 1 0
CleanArch/internal/User/UserDelivery/User.go:138.2,138.41 1 0
CleanArch/internal/User/UserDelivery/User.go:117.31,120.3 2 0
CleanArch/internal/User/UserDelivery/User.go:122.16,125.3 2 0
CleanArch/internal/User/UserDelivery/User.go:126.32,129.3 2 0
CleanArch/internal/User/UserDelivery/User.go:129.8,129.39 1 0
CleanArch/internal/User/UserDelivery/User.go:129.39,137.3 7 0
CleanArch/internal/User/UserDelivery/User.go:141.67,142.35 1 0
CleanArch/internal/User/UserDelivery/User.go:161.2,161.41 1 0
CleanArch/internal/User/UserDelivery/User.go:142.35,145.3 2 0
CleanArch/internal/User/UserDelivery/User.go:145.8,147.17 2 0
CleanArch/internal/User/UserDelivery/User.go:152.3,153.15 2 0
CleanArch/internal/User/UserDelivery/User.go:157.3,158.9 2 0
CleanArch/internal/User/UserDelivery/User.go:147.17,150.4 2 0
CleanArch/internal/User/UserDelivery/User.go:153.15,156.4 2 0
CleanArch/internal/User/UserDelivery/User.go:164.68,166.17 2 0
CleanArch/internal/User/UserDelivery/User.go:169.2,172.16 4 0
CleanArch/internal/User/UserDelivery/User.go:175.2,176.18 2 0
CleanArch/internal/User/UserDelivery/User.go:166.17,168.3 1 0
CleanArch/internal/User/UserDelivery/User.go:172.16,174.3 1 0
CleanArch/internal/User/UserDelivery/User.go:179.70,180.36 1 0
CleanArch/internal/User/UserDelivery/User.go:184.2,184.32 1 0
CleanArch/internal/User/UserDelivery/User.go:180.36,183.3 2 0
CleanArch/internal/User/UserDelivery/User.go:184.32,186.17 2 0
CleanArch/internal/User/UserDelivery/User.go:190.3,190.24 1 0
CleanArch/internal/User/UserDelivery/User.go:194.3,195.17 2 0
CleanArch/internal/User/UserDelivery/User.go:199.3,200.17 2 0
CleanArch/internal/User/UserDelivery/User.go:205.3,206.55 2 0
CleanArch/internal/User/UserDelivery/User.go:210.3,212.52 3 0
CleanArch/internal/User/UserDelivery/User.go:216.3,216.9 1 0
CleanArch/internal/User/UserDelivery/User.go:186.17,189.4 2 0
CleanArch/internal/User/UserDelivery/User.go:190.24,192.4 1 0
CleanArch/internal/User/UserDelivery/User.go:195.17,198.4 2 0
CleanArch/internal/User/UserDelivery/User.go:200.17,203.4 2 0
CleanArch/internal/User/UserDelivery/User.go:206.55,208.4 1 0
CleanArch/internal/User/UserDelivery/User.go:212.52,215.4 2 0
CleanArch/internal/pkg/middleware/Middleware.go:11.58,12.71 1 0
CleanArch/internal/pkg/middleware/Middleware.go:12.71,17.3 3 0
CleanArch/internal/pkg/middleware/Middleware.go:20.54,21.71 1 0
CleanArch/internal/pkg/middleware/Middleware.go:21.71,22.16 1 0
CleanArch/internal/pkg/middleware/Middleware.go:27.3,27.23 1 0
CleanArch/internal/pkg/middleware/Middleware.go:22.16,23.36 1 0
CleanArch/internal/pkg/middleware/Middleware.go:23.36,25.5 1 0
CleanArch/internal/pkg/middleware/Middleware.go:39.62,40.71 1 0
CleanArch/internal/pkg/middleware/Middleware.go:40.71,42.27 2 0
CleanArch/internal/pkg/middleware/Middleware.go:59.3,59.17 1 0
CleanArch/internal/pkg/middleware/Middleware.go:63.3,64.16 2 0
CleanArch/internal/pkg/middleware/Middleware.go:68.3,69.15 2 0
CleanArch/internal/pkg/middleware/Middleware.go:73.3,76.23 4 0
CleanArch/internal/pkg/middleware/Middleware.go:42.27,44.19 2 0
CleanArch/internal/pkg/middleware/Middleware.go:44.19,57.5 7 0
CleanArch/internal/pkg/middleware/Middleware.go:59.17,62.4 2 0
CleanArch/internal/pkg/middleware/Middleware.go:64.16,67.4 2 0
CleanArch/internal/pkg/middleware/Middleware.go:69.15,72.4 2 0
CleanArch/cmd/main.go:18.13,21.16 3 0
CleanArch/cmd/main.go:25.2,59.25 21 0
CleanArch/cmd/main.go:21.16,24.3 2 0
CleanArch/internal/Letter/LetterDelivery/Letter.go:24.71,26.33 2 0
CleanArch/internal/Letter/LetterDelivery/Letter.go:30.2,32.15 3 0
CleanArch/internal/Letter/LetterDelivery/Letter.go:36.2,42.39 7 0
CleanArch/internal/Letter/LetterDelivery/Letter.go:26.33,29.3 2 0
CleanArch/internal/Letter/LetterDelivery/Letter.go:32.15,35.3 2 0
CleanArch/internal/Letter/LetterDelivery/Letter.go:45.75,47.15 2 0
CleanArch/internal/Letter/LetterDelivery/Letter.go:51.2,52.40 2 0
CleanArch/internal/Letter/LetterDelivery/Letter.go:47.15,50.3 2 0
CleanArch/internal/Letter/LetterDelivery/Letter.go:55.75,57.15 2 0
CleanArch/internal/Letter/LetterDelivery/Letter.go:61.2,62.40 2 0
CleanArch/internal/Letter/LetterDelivery/Letter.go:57.15,60.3 2 0
CleanArch/internal/Letter/LetterRepository/LetterPostgres/Letter.go:16.66,18.16 2 0
CleanArch/internal/Letter/LetterRepository/LetterPostgres/Letter.go:21.2,21.12 1 0
CleanArch/internal/Letter/LetterRepository/LetterPostgres/Letter.go:18.16,20.3 1 0
CleanArch/internal/Letter/LetterRepository/LetterPostgres/Letter.go:24.56,27.17 3 0
CleanArch/internal/Letter/LetterRepository/LetterPostgres/Letter.go:30.2,30.12 1 0
CleanArch/internal/Letter/LetterRepository/LetterPostgres/Letter.go:27.17,29.3 1 0
CleanArch/internal/Letter/LetterRepository/LetterPostgres/Letter.go:33.87,36.18 3 0
CleanArch/internal/Letter/LetterRepository/LetterPostgres/Letter.go:39.2,39.21 1 0
CleanArch/internal/Letter/LetterRepository/LetterPostgres/Letter.go:36.18,38.3 1 0
CleanArch/internal/Letter/LetterRepository/LetterPostgres/Letter.go:42.45,43.6 1 0
CleanArch/internal/Letter/LetterRepository/LetterPostgres/Letter.go:43.6,47.19 4 0
CleanArch/internal/Letter/LetterRepository/LetterPostgres/Letter.go:47.19,49.4 1 0
CleanArch/internal/Letter/LetterRepository/LetterPostgres/Letter.go:53.85,56.18 3 0
CleanArch/internal/Letter/LetterRepository/LetterPostgres/Letter.go:59.2,59.21 1 0
CleanArch/internal/Letter/LetterRepository/LetterPostgres/Letter.go:56.18,58.3 1 0
CleanArch/internal/User/UserRepository/UserPostgres/User.go:23.58,26.25 3 0
CleanArch/internal/User/UserRepository/UserPostgres/User.go:29.2,29.12 1 0
CleanArch/internal/User/UserRepository/UserPostgres/User.go:26.25,28.3 1 0
CleanArch/internal/User/UserRepository/UserPostgres/User.go:32.60,35.16 3 0
CleanArch/internal/User/UserRepository/UserPostgres/User.go:38.2,38.12 1 0
CleanArch/internal/User/UserRepository/UserPostgres/User.go:35.16,37.3 1 0
CleanArch/internal/User/UserRepository/UserPostgres/User.go:41.87,44.16 3 0
CleanArch/internal/User/UserRepository/UserPostgres/User.go:47.2,47.12 1 0
CleanArch/internal/User/UserRepository/UserPostgres/User.go:44.16,46.3 1 0
CleanArch/internal/User/UserRepository/UserPostgres/User.go:50.54,52.6 2 0
CleanArch/internal/User/UserRepository/UserPostgres/User.go:65.2,65.25 1 0
CleanArch/internal/User/UserRepository/UserPostgres/User.go:52.6,53.32 1 0
CleanArch/internal/User/UserRepository/UserPostgres/User.go:57.3,60.19 4 0
CleanArch/internal/User/UserRepository/UserPostgres/User.go:63.3,63.11 1 0
CleanArch/internal/User/UserRepository/UserPostgres/User.go:53.32,56.4 2 0
CleanArch/internal/User/UserRepository/UserPostgres/User.go:60.19,61.9 1 0
CleanArch/internal/User/UserRepository/UserPostgres/User.go:68.54,69.6 1 0
CleanArch/internal/User/UserRepository/UserPostgres/User.go:69.6,73.19 4 0
CleanArch/internal/User/UserRepository/UserPostgres/User.go:73.19,75.4 1 0
CleanArch/internal/User/UserRepository/UserPostgres/User.go:79.78,82.16 3 0
CleanArch/internal/User/UserRepository/UserPostgres/User.go:85.2,85.18 1 0
CleanArch/internal/User/UserRepository/UserPostgres/User.go:82.16,84.3 1 0
CleanArch/internal/User/UserRepository/UserPostgres/User.go:88.74,91.16 3 0
CleanArch/internal/User/UserRepository/UserPostgres/User.go:94.2,94.18 1 0
CleanArch/internal/User/UserRepository/UserPostgres/User.go:91.16,93.3 1 0
CleanArch/internal/User/UserRepository/UserPostgres/User.go:97.64,100.16 3 0
CleanArch/internal/User/UserRepository/UserPostgres/User.go:103.2,103.36 1 0
CleanArch/internal/User/UserRepository/UserPostgres/User.go:100.16,102.3 1 0
CleanArch/internal/User/UserRepository/UserPostgres/User.go:106.82,109.16 3 0
CleanArch/internal/User/UserRepository/UserPostgres/User.go:112.2,117.16 6 0
CleanArch/internal/User/UserRepository/UserPostgres/User.go:120.2,120.12 1 0
CleanArch/internal/User/UserRepository/UserPostgres/User.go:109.16,111.3 1 0
CleanArch/internal/User/UserRepository/UserPostgres/User.go:117.16,119.3 1 0
CleanArch/internal/User/UserRepository/UserPostgres/User.go:123.65,127.16 4 0
CleanArch/internal/User/UserRepository/UserPostgres/User.go:130.2,130.36 1 0
CleanArch/internal/User/UserRepository/UserPostgres/User.go:127.16,129.3 1 0
CleanArch/internal/User/UserRepository/UserPostgres/User.go:133.68,136.16 3 0
CleanArch/internal/User/UserRepository/UserPostgres/User.go:139.2,139.24 1 0
CleanArch/internal/User/UserRepository/UserPostgres/User.go:136.16,138.3 1 0
CleanArch/internal/User/UserRepository/UserPostgres/User.go:142.50,145.2 2 0
CleanArch/internal/Letter/LetterDelivery/LetterErrorHandler.go:10.67,11.13 1 0
CleanArch/internal/Letter/LetterDelivery/LetterErrorHandler.go:21.2,21.12 1 0
CleanArch/internal/Letter/LetterDelivery/LetterErrorHandler.go:12.11,13.37 1 0
CleanArch/internal/Letter/LetterDelivery/LetterErrorHandler.go:14.41,15.40 1 0
CleanArch/internal/Letter/LetterDelivery/LetterErrorHandler.go:16.32,17.40 1 0
CleanArch/internal/Letter/LetterDelivery/LetterErrorHandler.go:18.40,19.39 1 0
CleanArch/internal/Letter/LetterDelivery/LetterErrorHandler.go:24.70,25.13 1 0
CleanArch/internal/Letter/LetterDelivery/LetterErrorHandler.go:35.2,35.12 1 0
CleanArch/internal/Letter/LetterDelivery/LetterErrorHandler.go:26.11,27.44 1 0
CleanArch/internal/Letter/LetterDelivery/LetterErrorHandler.go:28.44,29.44 1 0
CleanArch/internal/Letter/LetterDelivery/LetterErrorHandler.go:30.32,31.40 1 0
CleanArch/internal/Letter/LetterDelivery/LetterErrorHandler.go:32.36,33.40 1 0
CleanArch/internal/User/UserUseCase/User.go:24.63,27.16 2 0
CleanArch/internal/User/UserUseCase/User.go:30.2,31.16 2 0
CleanArch/internal/User/UserUseCase/User.go:34.2,35.16 2 0
CleanArch/internal/User/UserUseCase/User.go:38.2,40.16 3 0
CleanArch/internal/User/UserUseCase/User.go:43.2,44.16 2 0
CleanArch/internal/User/UserUseCase/User.go:48.2,48.17 1 0
CleanArch/internal/User/UserUseCase/User.go:27.16,29.3 1 0
CleanArch/internal/User/UserUseCase/User.go:31.16,33.3 1 0
CleanArch/internal/User/UserUseCase/User.go:35.16,37.3 1 0
CleanArch/internal/User/UserUseCase/User.go:40.16,42.3 1 0
CleanArch/internal/User/UserUseCase/User.go:44.16,46.3 1 0
CleanArch/internal/User/UserUseCase/User.go:51.63,53.17 2 0
CleanArch/internal/User/UserUseCase/User.go:56.2,56.88 1 0
CleanArch/internal/User/UserUseCase/User.go:59.2,60.14 2 0
CleanArch/internal/User/UserUseCase/User.go:63.2,64.15 2 0
CleanArch/internal/User/UserUseCase/User.go:67.2,68.12 2 0
CleanArch/internal/User/UserUseCase/User.go:71.2,72.15 2 0
CleanArch/internal/User/UserUseCase/User.go:75.2,75.25 1 0
CleanArch/internal/User/UserUseCase/User.go:53.17,55.3 1 0
CleanArch/internal/User/UserUseCase/User.go:56.88,58.3 1 0
CleanArch/internal/User/UserUseCase/User.go:60.14,62.3 1 0
CleanArch/internal/User/UserUseCase/User.go:64.15,66.3 1 0
CleanArch/internal/User/UserUseCase/User.go:68.12,70.3 1 0
CleanArch/internal/User/UserUseCase/User.go:72.15,74.3 1 0
CleanArch/internal/User/UserUseCase/User.go:79.44,81.15 2 0
CleanArch/internal/User/UserUseCase/User.go:84.2,85.14 2 0
CleanArch/internal/User/UserUseCase/User.go:88.2,88.12 1 0
CleanArch/internal/User/UserUseCase/User.go:81.15,83.3 1 0
CleanArch/internal/User/UserUseCase/User.go:85.14,87.3 1 0
CleanArch/internal/User/UserUseCase/User.go:91.54,93.14 2 0
CleanArch/internal/User/UserUseCase/User.go:96.2,96.12 1 0
CleanArch/internal/User/UserUseCase/User.go:93.14,95.3 1 0
CleanArch/internal/User/UserUseCase/User.go:99.49,101.2 1 0
CleanArch/internal/User/UserDelivery/UserErrorHandler.go:10.57,11.13 1 0
CleanArch/internal/User/UserDelivery/UserErrorHandler.go:21.2,21.12 1 0
CleanArch/internal/User/UserDelivery/UserErrorHandler.go:12.11,13.39 1 0
CleanArch/internal/User/UserDelivery/UserErrorHandler.go:14.41,15.40 1 0
CleanArch/internal/User/UserDelivery/UserErrorHandler.go:16.37,17.37 1 0
CleanArch/internal/User/UserDelivery/UserErrorHandler.go:18.34,19.31 1 0
CleanArch/internal/User/UserDelivery/UserErrorHandler.go:24.57,25.13 1 0
CleanArch/internal/User/UserDelivery/UserErrorHandler.go:39.2,39.12 1 0
CleanArch/internal/User/UserDelivery/UserErrorHandler.go:26.11,27.39 1 0
CleanArch/internal/User/UserDelivery/UserErrorHandler.go:28.37,29.37 1 0
CleanArch/internal/User/UserDelivery/UserErrorHandler.go:30.41,31.36 1 0
CleanArch/internal/User/UserDelivery/UserErrorHandler.go:32.38,33.30 1 0
CleanArch/internal/User/UserDelivery/UserErrorHandler.go:34.38,35.34 1 0
CleanArch/internal/User/UserDelivery/UserErrorHandler.go:36.41,37.30 1 0
CleanArch/internal/User/UserDelivery/UserErrorHandler.go:42.38,43.14 1 0
CleanArch/internal/User/UserDelivery/UserErrorHandler.go:49.2,49.12 1 0
CleanArch/internal/User/UserDelivery/UserErrorHandler.go:44.11,45.37 1 0
CleanArch/internal/User/UserDelivery/UserErrorHandler.go:46.11,47.41 1 0
CleanArch/internal/User/UserDelivery/UserErrorHandler.go:52.36,53.13 1 0
CleanArch/internal/User/UserDelivery/UserErrorHandler.go:61.2,61.12 1 0
CleanArch/internal/User/UserDelivery/UserErrorHandler.go:54.11,55.29 1 0
CleanArch/internal/User/UserDelivery/UserErrorHandler.go:56.37,57.37 1 0
CleanArch/internal/User/UserDelivery/UserErrorHandler.go:58.41,59.37 1 0
CleanArch/internal/User/UserDelivery/UserErrorHandler.go:64.58,65.13 1 0
CleanArch/internal/User/UserDelivery/UserErrorHandler.go:73.2,73.12 1 0
CleanArch/internal/User/UserDelivery/UserErrorHandler.go:66.11,67.39 1 0
CleanArch/internal/User/UserDelivery/UserErrorHandler.go:68.37,69.37 1 0
CleanArch/internal/User/UserDelivery/UserErrorHandler.go:70.42,71.39 1 0
CleanArch/internal/pkg/context/userContext.go:14.66,17.9 3 0
CleanArch/internal/pkg/context/userContext.go:20.2,20.18 1 0
CleanArch/internal/pkg/context/userContext.go:17.9,19.3 1 0
CleanArch/internal/pkg/context/userContext.go:23.82,25.2 1 0
CleanArch/internal/Postgres/Init.go:17.89,34.2 7 0
CleanArch/internal/Postgres/Init.go:36.36,43.31 2 0
CleanArch/internal/Postgres/Init.go:51.2,51.12 1 0
CleanArch/internal/Postgres/Init.go:43.31,47.17 2 0
CleanArch/internal/Postgres/Init.go:47.17,49.4 1 0
